2024-01-23 17:50:00.968 default [main] WARN  o.m.s.mapper.ClassPathMapperScanner - No MyBatis mapper was found in '[com.xstocks.uc.mapper]' package. Please check your configuration.
2024-01-23 17:50:51.229 default [main] WARN  o.s.w.c.s.GenericWebApplicationContext - Exception encountered during context initialization - cancelling refresh attempt: org.springframework.beans.factory.UnsatisfiedDependencyException: Error creating bean with name 'limiterManager' defined in file [E:\DEV\ideaProject\rc\target\classes\com\xstocks\rc\config\limiter\LimiterManager.class]: Unsatisfied dependency expressed through constructor parameter 0; nested exception is org.springframework.beans.factory.BeanCreationException: Error creating bean with name 'redisson' defined in class path resource [org/redisson/spring/starter/RedissonAutoConfigurationV2.class]: Bean instantiation via factory method failed; nested exception is org.springframework.beans.BeanInstantiationException: Failed to instantiate [org.redisson.api.RedissonClient]: Factory method 'redisson' threw exception; nested exception is org.redisson.client.RedisConnectionException: Unable to connect to Redis server: 192.168.1.11/192.168.1.11:6379
2024-01-23 18:06:21.039 default [main] WARN  o.m.s.mapper.ClassPathMapperScanner - No MyBatis mapper was found in '[com.xstocks.uc.mapper]' package. Please check your configuration.
2024-01-23 18:06:27.626 default [main] WARN  o.s.w.c.s.GenericWebApplicationContext - Exception encountered during context initialization - cancelling refresh attempt: org.springframework.beans.factory.UnsatisfiedDependencyException: Error creating bean with name 'openingStocksListener': Unsatisfied dependency expressed through field 'outStockService'; nested exception is org.springframework.beans.factory.UnsatisfiedDependencyException: Error creating bean with name 'platFormOutStockServiceImpl': Unsatisfied dependency expressed through field 'riskRecordService'; nested exception is org.springframework.beans.factory.UnsatisfiedDependencyException: Error creating bean with name 'platformRiskRecordServiceImpl': Unsatisfied dependency expressed through field 'baseMapper'; nested exception is org.springframework.beans.factory.NoSuchBeanDefinitionException: No qualifying bean of type 'com.xstocks.rc.mapper.PlatformRiskRecordMapper' available: expected at least 1 bean which qualifies as autowire candidate. Dependency annotations: {@org.springframework.beans.factory.annotation.Autowired(required=true)}
2024-01-23 18:53:49.465 default [main] WARN  o.m.s.mapper.ClassPathMapperScanner - No MyBatis mapper was found in '[com.xstocks.uc.mapper]' package. Please check your configuration.
2024-01-23 18:53:55.418 default [main] WARN  o.s.b.w.s.c.AnnotationConfigServletWebServerApplicationContext - Exception encountered during context initialization - cancelling refresh attempt: org.springframework.beans.factory.UnsatisfiedDependencyException: Error creating bean with name 'openingStocksListener': Unsatisfied dependency expressed through field 'outStockService'; nested exception is org.springframework.beans.factory.UnsatisfiedDependencyException: Error creating bean with name 'platFormOutStockServiceImpl': Unsatisfied dependency expressed through field 'riskRecordService'; nested exception is org.springframework.beans.factory.UnsatisfiedDependencyException: Error creating bean with name 'platformRiskRecordServiceImpl': Unsatisfied dependency expressed through field 'baseMapper'; nested exception is org.springframework.beans.factory.NoSuchBeanDefinitionException: No qualifying bean of type 'com.xstocks.rc.mapper.PlatformRiskRecordMapper' available: expected at least 1 bean which qualifies as autowire candidate. Dependency annotations: {@org.springframework.beans.factory.annotation.Autowired(required=true)}
2024-01-23 18:54:34.062 default [main] WARN  o.m.s.mapper.ClassPathMapperScanner - No MyBatis mapper was found in '[com.xstocks.uc.mapper]' package. Please check your configuration.
2024-01-23 18:54:47.236 default [main] WARN  o.s.b.w.s.c.AnnotationConfigServletWebServerApplicationContext - Exception encountered during context initialization - cancelling refresh attempt: org.springframework.beans.factory.UnsatisfiedDependencyException: Error creating bean with name 'openingStocksListener': Unsatisfied dependency expressed through field 'outStockService'; nested exception is org.springframework.beans.factory.UnsatisfiedDependencyException: Error creating bean with name 'platFormOutStockServiceImpl': Unsatisfied dependency expressed through field 'riskRecordService'; nested exception is org.springframework.beans.factory.UnsatisfiedDependencyException: Error creating bean with name 'platformRiskRecordServiceImpl': Unsatisfied dependency expressed through field 'baseMapper'; nested exception is org.springframework.beans.factory.NoSuchBeanDefinitionException: No qualifying bean of type 'com.xstocks.rc.mapper.PlatformRiskRecordMapper' available: expected at least 1 bean which qualifies as autowire candidate. Dependency annotations: {@org.springframework.beans.factory.annotation.Autowired(required=true)}
2024-01-23 18:56:42.503 default [main] WARN  o.s.b.w.s.c.AnnotationConfigServletWebServerApplicationContext - Exception encountered during context initialization - cancelling refresh attempt: org.springframework.beans.factory.BeanCreationException: Error creating bean with name 'userExchange' defined in class path resource [com/xstocks/rc/config/RabbitMQConfig.class]: Bean instantiation via factory method failed; nested exception is org.springframework.beans.BeanInstantiationException: Failed to instantiate [org.springframework.amqp.core.FanoutExchange]: Factory method 'userExchange' threw exception; nested exception is java.lang.NullPointerException
2024-01-23 19:02:42.684 default [main] WARN  o.s.b.a.s.s.UserDetailsServiceAutoConfiguration - 

Using generated security password: e171b9da-8c74-497c-95ab-dc8712e71822

This generated password is for development use only. Your security configuration must be updated before running your application in production.

2024-01-23 19:04:32.632 default [main] WARN  o.s.b.a.s.s.UserDetailsServiceAutoConfiguration - 

Using generated security password: 9d694d6d-a911-4cea-bb50-7375c1425b71

This generated password is for development use only. Your security configuration must be updated before running your application in production.

2024-01-23 19:06:25.537 default [main] WARN  o.s.b.a.s.s.UserDetailsServiceAutoConfiguration - 

Using generated security password: d8cae0f0-20fc-456d-9640-ddea100d5d07

This generated password is for development use only. Your security configuration must be updated before running your application in production.

2024-01-23 19:10:21.204 default [main] WARN  o.s.b.a.s.s.UserDetailsServiceAutoConfiguration - 

Using generated security password: 462d5961-0b5b-41e2-af80-fb994e62ce43

This generated password is for development use only. Your security configuration must be updated before running your application in production.

2024-01-23 19:14:03.835 default [main] WARN  o.s.b.a.s.s.UserDetailsServiceAutoConfiguration - 

Using generated security password: 7833a8fc-0a0b-4bd2-895a-842044859d2a

This generated password is for development use only. Your security configuration must be updated before running your application in production.

2024-01-23 19:16:09.423 default [main] WARN  o.s.b.a.s.s.UserDetailsServiceAutoConfiguration - 

Using generated security password: 7fb0f360-3a20-4fd4-ac46-1acce71775a5

This generated password is for development use only. Your security configuration must be updated before running your application in production.

2024-01-23 19:21:38.188 default [main] WARN  o.s.b.a.s.s.UserDetailsServiceAutoConfiguration - 

Using generated security password: 8e506b60-cd67-4dfe-a69f-4a38ab60e532

This generated password is for development use only. Your security configuration must be updated before running your application in production.

